<?xml version="1.0" encoding="UTF-8"?>
<!-- Generated by org.testng.reporters.JUnitReportReporter -->
<testsuite hostname="DESKTOP-N7JBOFV" failures="0" tests="1" name="auto.test.OpenGoogle" time="10.795" errors="0" timestamp="2023-10-27T09:55:04 IST" skipped="0">
  <testcase classname="auto.test.OpenGoogle" name="verifyGoogleHomePage" time="10.795"/>
</testsuite> <!-- auto.test.OpenGoogle -->
